Arguments: 
  C:\Program Files\nodejs\node.exe C:\Program Files (x86)\Yarn\bin\yarn.js start

PATH: 
  C:\Program Files (x86)\Common Files\Oracle\Java\javapath;C:\WINDOWS\system32;C:\WINDOWS;C:\WINDOWS\System32\Wbem;C:\WINDOWS\System32\WindowsPowerShell\v1.0\;C:\WINDOWS\System32\OpenSSH\;C:\Program Files\Git\cmd;C:\Program Files\PuTTY\;C:\Program Files\TortoiseSVN\bin;C:\Program Files\Java\jdk1.8.0_261\bin\;C:\Program Files\nodejs\;C:\Program Files (x86)\Yarn\bin\;C:\Users\infoboss\AppData\Local\Microsoft\WindowsApps;C:\Program Files\Bandizip\;;C:\Users\infoboss\AppData\Local\Programs\Microsoft VS Code\bin;C:\Users\infoboss\AppData\Roaming\npm;C:\Users\infoboss\AppData\Local\Yarn\bin

Yarn version: 
  1.22.5

Node version: 
  14.12.0

Platform: 
  win32 x64

Trace: 
  SyntaxError: C:\Users\infoboss\Documents\test\typescript_blockChain\package.json: Unexpected token / in JSON at position 256
      at JSON.parse (<anonymous>)
      at C:\Program Files (x86)\Yarn\lib\cli.js:1625:59
      at Generator.next (<anonymous>)
      at step (C:\Program Files (x86)\Yarn\lib\cli.js:310:30)
      at C:\Program Files (x86)\Yarn\lib\cli.js:321:13

npm manifest: 
  {
    "name": "typescript_blockChain",
    "version": "1.0.0",
    "main": "index.js",
    "repository": "https://github.com/iylinkim/typescript_blockChain",
    "author": "Iylin <kiylin94@naver.com>",
    "license": "MIT",
    "scripts": {
      "start":"node index.js", //yarn start 명령어를 실행하면 index.ts 컴파일하고 실행 >> node에서 index.js 실행
      "prestart":"tsc" ///yarn start 할 때마다 prestart를 먼저 실행사고 start를 실행
    }
  }

yarn manifest: 
  No manifest

Lockfile: 
  No lockfile
